This is pdfTeXk, Version 3.1415926-1.40.9 (Web2C 7.5.7) (format=pdflatex 2009.10.10)  20 MAY 2014 23:27
entering extended mode
\write18 enabled.
 %&-line parsing enabled.
**CV.tex
(./CV.tex
LaTeX2e <2005/12/01>
Babel <v3.8l> and hyphenation patterns for english, usenglishmax, dumylang, noh
yphenation, german-x-2008-06-18, ngerman-x-2008-06-18, ancientgreek, ibycus, ar
abic, basque, bulgarian, catalan, pinyin, coptic, croatian, czech, danish, dutc
h, esperanto, estonian, farsi, finnish, french, galician, german, ngerman, mono
greek, greek, hungarian, icelandic, indonesian, interlingua, irish, italian, la
tin, lithuanian, mongolian, mongolian2a, bokmal, nynorsk, polish, portuguese, r
omanian, russian, sanskrit, serbian, slovak, slovenian, spanish, swedish, turki
sh, ukenglish, ukrainian, uppersorbian, welsh, loaded.
(/usr/local/texlive/2008/texmf-dist/tex/latex/base/latex209.def
File: latex209.def 1998/05/13 v0.52 Standard LaTeX file


          Entering LaTeX 2.09 COMPATIBILITY MODE
 *************************************************************
    !!WARNING!!    !!WARNING!!    !!WARNING!!    !!WARNING!!   
 
 This mode attempts to provide an emulation of the LaTeX 2.09
 author environment so that OLD documents can be successfully
 processed. It should NOT be used for NEW documents!
 
 New documents should use Standard LaTeX conventions and start
 with the \documentclass command.
 
 Compatibility mode is UNLIKELY TO WORK with LaTeX 2.09 style
 files that change any internal macros, especially not with
 those that change the FONT SELECTION or OUTPUT ROUTINES.
 
 Therefore such style files MUST BE UPDATED to use
          Current Standard LaTeX: LaTeX2e.
 If you suspect that you may be using such a style file, which
 is probably very, very old by now, then you should attempt to
 get it updated by sending a copy of this error message to the
 author of that file.
 *************************************************************

\footheight=\dimen102
\@maxsep=\dimen103
\@dblmaxsep=\dimen104
\@cla=\count79
\@clb=\count80
\mscount=\count81
(/usr/local/texlive/2008/texmf-dist/tex/latex/base/tracefnt.sty
Package: tracefnt 1997/05/29 v3.0j Standard LaTeX package (font tracing)
\tracingfonts=\count82
LaTeX Info: Redefining \selectfont on input line 101.
)
\symbold=\mathgroup4
\symsans=\mathgroup5
\symtypewriter=\mathgroup6
\symitalic=\mathgroup7
\symsmallcaps=\mathgroup8
\symslanted=\mathgroup9
LaTeX Font Info:    Redeclaring math alphabet \mathbf on input line 293.
LaTeX Font Info:    Redeclaring math alphabet \mathsf on input line 294.
LaTeX Font Info:    Redeclaring math alphabet \mathtt on input line 295.
LaTeX Font Info:    Redeclaring math alphabet \mathit on input line 301.
LaTeX Info: Redefining \em on input line 311.

(/usr/local/texlive/2008/texmf-dist/tex/latex/base/latexsym.sty
Package: latexsym 1998/08/17 v2.2e Standard LaTeX package (lasy symbols)
\symlasy=\mathgroup10
LaTeX Font Info:    Overwriting symbol font `lasy' in version `bold'
(Font)                  U/lasy/m/n --> U/lasy/b/n on input line 47.
)
LaTeX Font Info:    Redeclaring math delimiter \lgroup on input line 375.
LaTeX Font Info:    Redeclaring math delimiter \rgroup on input line 377.
LaTeX Font Info:    Redeclaring math delimiter \bracevert on input line 379.
)
Compatibility mode: loading res.sty rather than res.cls.
 (./res.sty
Document Style `res' <26 Sep 89>.
No auxiliary output files.

\tabular@text=\toks14
\tabular@head=\toks15
\tabular@tail=\toks16
\@ta=\toks17
\undefined@token=\toks18
\sectionwidth=\dimen105
\sectionskip=\skip41
\resumewidth=\dimen106
(/usr/local/texlive/2008/texmf-dist/tex/latex/base/article.sty
Compatibility mode: inputting `article.cls' instead of obsolete `article.sty'.

(/usr/local/texlive/2008/texmf-dist/tex/latex/base/article.cls
Document Class: article 2005/09/16 v1.4f Standard LaTeX document class
(/usr/local/texlive/2008/texmf-dist/tex/latex/base/size10.clo
File: size10.clo 2005/09/16 v1.4f Standard LaTeX file (size option)
)
\c@part=\count83
\c@section=\count84
\c@subsection=\count85
\c@subsubsection=\count86
\c@paragraph=\count87
\c@subparagraph=\count88
\c@figure=\count89
\c@table=\count90
\abovecaptionskip=\skip42
\belowcaptionskip=\skip43
Compatibility mode: definition of \rm ignored.
Compatibility mode: definition of \sf ignored.
Compatibility mode: definition of \tt ignored.
Compatibility mode: definition of \bf ignored.
Compatibility mode: definition of \it ignored.
Compatibility mode: definition of \sl ignored.
Compatibility mode: definition of \sc ignored.
LaTeX Info: Redefining \cal on input line 506.
LaTeX Info: Redefining \mit on input line 507.
\bibindent=\dimen107
))
\@columnwidth=\dimen108
\c@numberofcolumns=\count91
)
(./fancyhead.sty
\headrulewidth=\dimen109
\footrulewidth=\dimen110
\plainheadrulewidth=\dimen111
\plainfootrulewidth=\dimen112
\headwidth=\dimen113
)
No file CV.aux.
LaTeX Font Info:    Checking defaults for OML/cmm/m/it on input line 16.
LaTeX Font Info:    ... okay on input line 16.
LaTeX Font Info:    Checking defaults for T1/cmr/m/n on input line 16.
LaTeX Font Info:    ... okay on input line 16.
LaTeX Font Info:    Checking defaults for OT1/cmr/m/n on input line 16.
LaTeX Font Info:    ... okay on input line 16.
LaTeX Font Info:    Checking defaults for OMS/cmsy/m/n on input line 16.
LaTeX Font Info:    ... okay on input line 16.
LaTeX Font Info:    Checking defaults for OMX/cmex/m/n on input line 16.
LaTeX Font Info:    ... okay on input line 16.
LaTeX Font Info:    Checking defaults for U/cmr/m/n on input line 16.
LaTeX Font Info:    ... okay on input line 16.
LaTeX Font Info:    External font `cmex10' loaded for size
(Font)              <7> on input line 31.
LaTeX Font Info:    External font `cmex10' loaded for size
(Font)              <5> on input line 31.
LaTeX Font Info:    Try loading font information for U+lasy on input line 31.
(/usr/local/texlive/2008/texmf-dist/tex/latex/base/ulasy.fd
File: ulasy.fd 1998/08/17 v2.2e LaTeX symbol font definitions
)
Underfull \hbox (badness 10000) in paragraph at lines 52--56

 []


Underfull \hbox (badness 10000) in paragraph at lines 52--56

 []


Underfull \hbox (badness 10000) in paragraph at lines 52--56

 []


Underfull \hbox (badness 10000) in paragraph at lines 61--62

 []


Underfull \hbox (badness 10000) in paragraph at lines 61--62

 []


Underfull \hbox (badness 10000) in paragraph at lines 63--65

 []

[1

{/usr/local/texlive/2008/texmf-var/fonts/map/pdftex/updmap/pdftex.map}]
Underfull \hbox (badness 10000) in paragraph at lines 86--86

 []


Underfull \hbox (badness 2285) in paragraph at lines 107--107
[]\OT1/cmr/m/n/10 Worked on a com-pletely newly de-signed UI in-spired by IDEO.

 []


Overfull \hbox (5.79025pt too wide) in paragraph at lines 69--159
[][] 
 []


Overfull \hbox (5.79025pt too wide) in paragraph at lines 69--159
[] 
 []


Overfull \hbox (5.79025pt too wide) in paragraph at lines 69--159
[] 
 []

[2] [3] [4] ) 
Here is how much of TeX's memory you used:
 474 strings out of 493876
 5394 string characters out of 1150567
 65542 words of memory out of 3000000
 3800 multiletter control sequences out of 10000+50000
 9903 words of font info for 37 fonts, out of 3000000 for 5000
 714 hyphenation exceptions out of 8191
 25i,10n,21p,747b,192s stack positions out of 5000i,500n,10000p,200000b,50000s
</usr/local/texlive/2008/texmf-dist/fonts/type1/bluesky/cm/cmbx10.
pfb></usr/local/texlive/2008/texmf-dist/fonts/type1/bluesky/cm/cmbx12.pfb></usr
/local/texlive/2008/texmf-dist/fonts/type1/bluesky/cm/cmr10.pfb></usr/local/tex
live/2008/texmf-dist/fonts/type1/bluesky/cm/cmsy10.pfb></usr/local/texlive/2008
/texmf-dist/fonts/type1/bluesky/cm/cmti10.pfb>
Output written on CV.pdf (4 pages, 46845 bytes).
PDF statistics:
 35 PDF objects out of 1000 (max. 8388607)
 0 named destinations out of 1000 (max. 131072)
 1 words of extra memory for PDF output out of 10000 (max. 10000000)

